
SQL*Loader: Release 21.0.0.0.0 - Production on Tue Jun 7 16:20:35 2022
Version 21.3.0.0.0

Copyright (c) 1982, 2021, Oracle and/or its affiliates.  All rights reserved.

Control File:   SamochodLoader.txt
Data File:      Samochod.csv
  Bad File:     Samochod.bad
  Discard File:  none specified
 
 (Allow all discards)

Number to load: ALL
Number to skip: 0
Errors allowed: 50
Bind array:     250 rows, maximum of 1048576 bytes
Continuation:    none specified
Path used:      Conventional

Table SAMOCHOD, loaded from every logical record.
Insert option in effect for this table: APPEND

   Column Name                  Position   Len  Term Encl Datatype
------------------------------ ---------- ----- ---- ---- ---------------------
ID_SAMOCHODU                        FIRST     *   ,       CHARACTER            
NR_REJ                               NEXT     *   ,       CHARACTER            
VIN                                  NEXT     *   ,       CHARACTER            
ID_MARKI                             NEXT     *   ,       CHARACTER            

Record 1: Rejected - Error on table SAMOCHOD, column ID_SAMOCHODU.
ORA-01722: invalid number


Table SAMOCHOD:
  140 Rows successfully loaded.
  1 Row not loaded due to data errors.
  0 Rows not loaded because all WHEN clauses were failed.
  0 Rows not loaded because all fields were null.


Space allocated for bind array:                 258000 bytes(250 rows)
Read   buffer bytes: 1048576

Total logical records skipped:          0
Total logical records read:           141
Total logical records rejected:         1
Total logical records discarded:        0

Run began on Tue Jun 07 16:20:35 2022
Run ended on Tue Jun 07 16:20:36 2022

Elapsed time was:     00:00:00.33
CPU time was:         00:00:00.17
