
SQL*Loader: Release 21.0.0.0.0 - Production on Tue Jun 7 16:20:25 2022
Version 21.3.0.0.0

Copyright (c) 1982, 2021, Oracle and/or its affiliates.  All rights reserved.

Control File:   WojewodztwaLoader.txt
Data File:      Wojewodztwa.csv
  Bad File:     Wojewodztwa.bad
  Discard File:  none specified
 
 (Allow all discards)

Number to load: ALL
Number to skip: 0
Errors allowed: 50
Bind array:     250 rows, maximum of 1048576 bytes
Continuation:    none specified
Path used:      Conventional

Table WOJEWODZTWA, loaded from every logical record.
Insert option in effect for this table: APPEND

   Column Name                  Position   Len  Term Encl Datatype
------------------------------ ---------- ----- ---- ---- ---------------------
ID_WOJEWODZTWA                      FIRST     *   ,       CHARACTER            
NAZWA_WOJ                            NEXT     *   ,       CHARACTER            

Record 1: Rejected - Error on table WOJEWODZTWA, column ID_WOJEWODZTWA.
ORA-01722: invalid number


Table WOJEWODZTWA:
  150 Rows successfully loaded.
  1 Row not loaded due to data errors.
  0 Rows not loaded because all WHEN clauses were failed.
  0 Rows not loaded because all fields were null.


Space allocated for bind array:                 129000 bytes(250 rows)
Read   buffer bytes: 1048576

Total logical records skipped:          0
Total logical records read:           151
Total logical records rejected:         1
Total logical records discarded:        0

Run began on Tue Jun 07 16:20:25 2022
Run ended on Tue Jun 07 16:20:28 2022

Elapsed time was:     00:00:02.51
CPU time was:         00:00:00.22
